  2.spline.cpp
C:\Users\Doheon\Desktop\Doheon\documents\Visualstudio\include\sphere1.h(40,47): warning C4244: '인수': 'double'에서 '_Ty'(으)로 변환하면서 데이터가 손실될 수 있습니다.
          with
          [
              _Ty=float
          ]
C:\Users\Doheon\Desktop\Doheon\documents\Visualstudio\include\sphere1.h(41,47): warning C4244: '인수': 'double'에서 '_Ty'(으)로 변환하면서 데이터가 손실될 수 있습니다.
          with
          [
              _Ty=float
          ]
C:\Users\Doheon\Desktop\Doheon\documents\Visualstudio\include\sphere1.h(42,42): warning C4244: '인수': 'double'에서 '_Ty'(으)로 변환하면서 데이터가 손실될 수 있습니다.
          with
          [
              _Ty=float
          ]
C:\Users\Doheon\Desktop\Doheon\documents\Visualstudio\include\spline.h(46,21): warning C4018: '<': signed 또는 unsigned가 일치하지 않습니다.
C:\Users\Doheon\Desktop\Doheon\documents\Visualstudio\include\spline.h(73,21): warning C4018: '<': signed 또는 unsigned가 일치하지 않습니다.
C:\Users\Doheon\Desktop\Doheon\documents\Visualstudio\include\spline.h(188,21): warning C4018: '<': signed 또는 unsigned가 일치하지 않습니다.
C:\Users\Doheon\Desktop\Doheon\documents\Visualstudio\include\spline.h(202,21): warning C4018: '<': signed 또는 unsigned가 일치하지 않습니다.
C:\Users\Doheon\Desktop\Doheon\documents\Visualstudio\include\spline.h(311,21): warning C4018: '<': signed 또는 unsigned가 일치하지 않습니다.
C:\Users\Doheon\Desktop\Doheon\documents\Visualstudio\include\spline.h(321,21): warning C4018: '<': signed 또는 unsigned가 일치하지 않습니다.
C:\Users\Doheon\Desktop\Doheon\documents\Visualstudio\opengl_200318\2.spline.cpp(480,21): warning C4244: '초기화 중': 'double'에서 'float'(으)로 변환하면서 데이터가 손실될 수 있습니다.
C:\Users\Doheon\Desktop\Doheon\documents\Visualstudio\opengl_200318\2.spline.cpp(397,12): warning C4101: 'diffusecolor' :참조되지 않은 지역 변수입니다.
C:\Users\Doheon\Desktop\Doheon\documents\Visualstudio\opengl_200318\2.spline.cpp(398,12): warning C4101: 'specularcolor' :참조되지 않은 지역 변수입니다.
C:\Users\Doheon\Desktop\Doheon\documents\Visualstudio\opengl_200318\2.spline.cpp(658,21): warning C4244: '=': 'double'에서 'T'(으)로 변환하면서 데이터가 손실될 수 있습니다.
          with
          [
              T=float
          ]
C:\Users\Doheon\Desktop\Doheon\documents\Visualstudio\opengl_200318\2.spline.cpp(659,20): warning C4244: '=': 'double'에서 'T'(으)로 변환하면서 데이터가 손실될 수 있습니다.
          with
          [
              T=float
          ]
C:\Users\Doheon\Desktop\Doheon\documents\Visualstudio\opengl_200318\2.spline.cpp(692,13): warning C4244: '=': 'double'에서 'float'(으)로 변환하면서 데이터가 손실될 수 있습니다.
C:\Users\Doheon\Desktop\Doheon\documents\Visualstudio\opengl_200318\2.spline.cpp(693,13): warning C4244: '=': 'double'에서 'float'(으)로 변환하면서 데이터가 손실될 수 있습니다.
C:\Users\Doheon\Desktop\Doheon\documents\Visualstudio\opengl_200318\2.spline.cpp(697,18): warning C4244: '초기화 중': 'double'에서 'float'(으)로 변환하면서 데이터가 손실될 수 있습니다.
C:\Users\Doheon\Desktop\Doheon\documents\Visualstudio\opengl_200318\2.spline.cpp(698,18): warning C4244: '초기화 중': 'double'에서 'float'(으)로 변환하면서 데이터가 손실될 수 있습니다.
C:\Users\Doheon\Desktop\Doheon\documents\Visualstudio\opengl_200318\2.spline.cpp(699,12): warning C4244: '=': 'double'에서 'float'(으)로 변환하면서 데이터가 손실될 수 있습니다.
C:\Users\Doheon\Desktop\Doheon\documents\Visualstudio\opengl_200318\2.spline.cpp(700,12): warning C4244: '=': 'double'에서 'float'(으)로 변환하면서 데이터가 손실될 수 있습니다.
C:\Users\Doheon\Desktop\Doheon\documents\Visualstudio\opengl_200318\2.spline.cpp(776,17): warning C4244: '-=': 'double'에서 'float'(으)로 변환하면서 데이터가 손실될 수 있습니다.
C:\Users\Doheon\Desktop\Doheon\documents\Visualstudio\opengl_200318\2.spline.cpp(789,20): warning C4244: '초기화 중': 'double'에서 'float'(으)로 변환하면서 데이터가 손실될 수 있습니다.
C:\Users\Doheon\Desktop\Doheon\documents\Visualstudio\opengl_200318\2.spline.cpp(1102): warning C4715: 'drawtree': 모든 제어 경로에서 값을 반환하지는 않습니다.
  opengl_200318.vcxproj -> C:\Users\Doheon\Desktop\Doheon\documents\Visualstudio\opengl_200318\Debug\opengl_200318.exe
